c:\users\sam\documents\github\side-projects\cpp-game-engine\bin\x64\debug\intermediates\vc142.pdb
c:\users\sam\documents\github\side-projects\cpp-game-engine\bin\x64\debug\intermediates\vc142.idb
c:\users\sam\documents\github\side-projects\cpp-game-engine\bin\x64\debug\intermediates\vec4.obj
c:\users\sam\documents\github\side-projects\cpp-game-engine\bin\x64\debug\intermediates\vec3.obj
c:\users\sam\documents\github\side-projects\cpp-game-engine\bin\x64\debug\intermediates\vec2.obj
c:\users\sam\documents\github\side-projects\cpp-game-engine\bin\x64\debug\intermediates\mat4.obj
c:\users\sam\documents\github\side-projects\cpp-game-engine\bin\x64\debug\intermediates\main.obj
c:\users\sam\documents\github\side-projects\cpp-game-engine\bin\x64\debug\intermediates\window.obj
c:\users\sam\documents\github\side-projects\cpp-game-engine\bin\x64\debug\intermediates\input.obj
c:\users\sam\documents\github\side-projects\cpp-game-engine\bin\x64\debug\intermediates\shader.obj
c:\users\sam\documents\github\side-projects\cpp-game-engine\bin\x64\debug\cpp-game-engine.pdb
c:\users\sam\documents\github\side-projects\cpp-game-engine\bin\x64\debug\intermediates\cpp-game-engine.tlog\cl.command.1.tlog
c:\users\sam\documents\github\side-projects\cpp-game-engine\bin\x64\debug\intermediates\cpp-game-engine.tlog\cl.read.1.tlog
c:\users\sam\documents\github\side-projects\cpp-game-engine\bin\x64\debug\intermediates\cpp-game-engine.tlog\cl.write.1.tlog
c:\users\sam\documents\github\side-projects\cpp-game-engine\bin\x64\debug\intermediates\cpp-game-engine.tlog\link-cvtres.read.1.tlog
c:\users\sam\documents\github\side-projects\cpp-game-engine\bin\x64\debug\intermediates\cpp-game-engine.tlog\link-cvtres.write.1.tlog
c:\users\sam\documents\github\side-projects\cpp-game-engine\bin\x64\debug\intermediates\cpp-game-engine.tlog\link-rc.read.1.tlog
c:\users\sam\documents\github\side-projects\cpp-game-engine\bin\x64\debug\intermediates\cpp-game-engine.tlog\link-rc.write.1.tlog
c:\users\sam\documents\github\side-projects\cpp-game-engine\bin\x64\debug\intermediates\cpp-game-engine.tlog\link.19076-cvtres.read.1.tlog
c:\users\sam\documents\github\side-projects\cpp-game-engine\bin\x64\debug\intermediates\cpp-game-engine.tlog\link.19076-cvtres.write.1.tlog
c:\users\sam\documents\github\side-projects\cpp-game-engine\bin\x64\debug\intermediates\cpp-game-engine.tlog\link.19076-rc.read.1.tlog
c:\users\sam\documents\github\side-projects\cpp-game-engine\bin\x64\debug\intermediates\cpp-game-engine.tlog\link.19076-rc.write.1.tlog
c:\users\sam\documents\github\side-projects\cpp-game-engine\bin\x64\debug\intermediates\cpp-game-engine.tlog\link.19076.read.1.tlog
c:\users\sam\documents\github\side-projects\cpp-game-engine\bin\x64\debug\intermediates\cpp-game-engine.tlog\link.19076.write.1.tlog
c:\users\sam\documents\github\side-projects\cpp-game-engine\bin\x64\debug\intermediates\cpp-game-engine.tlog\link.command.1.tlog
c:\users\sam\documents\github\side-projects\cpp-game-engine\bin\x64\debug\intermediates\cpp-game-engine.tlog\link.read.1.tlog
c:\users\sam\documents\github\side-projects\cpp-game-engine\bin\x64\debug\intermediates\cpp-game-engine.tlog\link.write.1.tlog
