  batchRenderer2D.cpp
cl : command line warning D9002: ignoring unknown option '/arch:SSE2'
C:\Users\Sam\Documents\GitHub\Side-Projects\CPP-Game-Engine\CPP-Game-Engine\src\graphics\batchRenderer2D.cpp(75,9): warning C4244: 'initializing': conversion from 'float' to 'int', possible loss of data
C:\Users\Sam\Documents\GitHub\Side-Projects\CPP-Game-Engine\CPP-Game-Engine\src\graphics\batchRenderer2D.cpp(76,9): warning C4244: 'initializing': conversion from 'float' to 'int', possible loss of data
C:\Users\Sam\Documents\GitHub\Side-Projects\CPP-Game-Engine\CPP-Game-Engine\src\graphics\batchRenderer2D.cpp(77,9): warning C4244: 'initializing': conversion from 'float' to 'int', possible loss of data
  forwardRenderer.cpp
  vertexArray.cpp
  mesh.cpp
  sprite.cpp
  Main.cpp
C:\Users\Sam\Documents\GitHub\Side-Projects\CPP-Game-Engine\CPP-Game-Engine\src\graphics\batchRenderer2D.cpp(78,9): warning C4244: 'initializing': conversion from 'float' to 'int', possible loss of data
C:\Users\Sam\Documents\GitHub\Side-Projects\CPP-Game-Engine\CPP-Game-Engine\src\Main.cpp(54,7): warning C4930: 'sam_engine::graphics::Mesh mesh(void)': prototyped function not called (was a variable definition intended?)
LINK : warning LNK4098: defaultlib 'LIBCMT' conflicts with use of other libs; use /NODEFAULTLIB:library
  Generating code
  34 of 232 functions (14.7%) were compiled, the rest were copied from previous compilation.
    0 functions were new in current compilation
    16 functions had inline decision re-evaluated but remain unchanged
  Finished generating code
glew32s.lib(glew.obj) : warning LNK4099: PDB 'vc120.pdb' was not found with 'glew32s.lib(glew.obj)' or at 'C:\Users\Sam\Documents\GitHub\Side-Projects\CPP-Game-Engine\bin\x64\Release\vc120.pdb'; linking object as if no debug info
  CPP-Game-Engine.vcxproj -> C:\Users\Sam\Documents\GitHub\Side-Projects\CPP-Game-Engine\bin\x64\Release\CPP-Game-Engine.exe
